<?xml version="1.0" encoding="UTF-8"?>
<testsuite xmlns:xsi="http://www.w3.org/2001/XMLSchema-instance" xsi:noNamespaceSchemaLocation="https://maven.apache.org/surefire/maven-surefire-plugin/xsd/surefire-test-report.xsd" name="com.example.model.dao.EntidadeDaoTest" time="0.008" tests="3" errors="0" skipped="0" failures="0">
  <properties>
[...]
</properties>
  <testcase name="SalvarEntidadeTest" classname="com.example.model.dao.EntidadeDaoTest" time="0"/>
  <testcase name="updateEntidadeTest" classname="com.example.model.dao.EntidadeDaoTest" time="0.004"/>
  <testcase name="SearchEntidadeTest" classname="com.example.model.dao.EntidadeDaoTest" time="0.004"/>
</testsuite>